# JRE version: OpenJDK Runtime Environment Temurin-21.0.4+7 (21.0.4+7) (build 21.0.4+7-LTS)
# Java VM: OpenJDK 64-Bit Server VM Temurin-21.0.4+7 (21.0.4+7-LTS, mixed mode, sharing, tiered, compressed oops, compressed class ptrs, parallel gc, windows-amd64)
GC Precious Log:
 CardTable entry size: 512
 CPUs: 4 total, 4 available
 Memory: 3919M
 Large Page Support: Disabled
 NUMA Support: Disabled
 Compressed Oops: Enabled (32-bit)
 Alignments: Space 512K, Generation 512K, Heap 2M
 Heap Min Capacity: 100M
 Heap Initial Capacity: 100M
 Heap Max Capacity: 1G
 Pre-touch: Disabled
 Parallel Workers: 4
Heap:
 PSYoungGen      total 6656K, used 5220K [0x00000000eab00000, 0x00000000eb500000, 0x0000000100000000)
  eden space 6144K, 82% used [0x00000000eab00000,0x00000000eaff9228,0x00000000eb100000)
  from space 512K, 25% used [0x00000000eb400000,0x00000000eb420000,0x00000000eb480000)
  to   space 512K, 0% used [0x00000000eb480000,0x00000000eb480000,0x00000000eb500000)
 ParOldGen       total 684544K, used 684340K [0x00000000c0000000, 0x00000000e9c80000, 0x00000000eab00000)
  object space 684544K, 99% used [0x00000000c0000000,0x00000000e9c4d298,0x00000000e9c80000)
 Metaspace       used 88740K, committed 90176K, reserved 1179648K
  class space    used 8879K, committed 9536K, reserved 1048576K
GC Heap History (20 events):
Event: 3179.253 GC heap before
{Heap before GC invocations=4616 (full 8):
 PSYoungGen      total 4096K, used 3796K [0x00000000eab00000, 0x00000000eb100000, 0x0000000100000000)
  eden space 3584K, 92% used [0x00000000eab00000,0x00000000eae3d098,0x00000000eae80000)
  from space 512K, 93% used [0x00000000eb000000,0x00000000eb078000,0x00000000eb080000)
  to   space 512K, 0% used [0x00000000eb080000,0x00000000eb080000,0x00000000eb100000)
 ParOldGen       total 674816K, used 674396K [0x00000000c0000000, 0x00000000e9300000, 0x00000000eab00000)
  object space 674816K, 99% used [0x00000000c0000000,0x00000000e9297290,0x00000000e9300000)
 Metaspace       used 88707K, committed 90176K, reserved 1179648K
  class space    used 8879K, committed 9536K, reserved 1048576K
}
Event: 3179.258 GC heap after
{Heap after GC invocations=4616 (full 8):
 PSYoungGen      total 4096K, used 466K [0x00000000eab00000, 0x00000000eb100000, 0x0000000100000000)
  eden space 3584K, 0% used [0x00000000eab00000,0x00000000eab00000,0x00000000eae80000)
  from space 512K, 91% used [0x00000000eb080000,0x00000000eb0f4ab8,0x00000000eb100000)
  to   space 512K, 0% used [0x00000000eb000000,0x00000000eb000000,0x00000000eb080000)
 ParOldGen       total 677376K, used 676919K [0x00000000c0000000, 0x00000000e9580000, 0x00000000eab00000)
  object space 677376K, 99% used [0x00000000c0000000,0x00000000e950de98,0x00000000e9580000)
 Metaspace       used 88707K, committed 90176K, reserved 1179648K
  class space    used 8879K, committed 9536K, reserved 1048576K
}
Event: 3179.269 GC heap before
{Heap before GC invocations=4617 (full 8):
 PSYoungGen      total 4096K, used 4050K [0x00000000eab00000, 0x00000000eb100000, 0x0000000100000000)
  eden space 3584K, 100% used [0x00000000eab00000,0x00000000eae80000,0x00000000eae80000)
  from space 512K, 91% used [0x00000000eb080000,0x00000000eb0f4ab8,0x00000000eb100000)
  to   space 512K, 0% used [0x00000000eb000000,0x00000000eb000000,0x00000000eb080000)
 ParOldGen       total 677376K, used 676919K [0x00000000c0000000, 0x00000000e9580000, 0x00000000eab00000)
  object space 677376K, 99% used [0x00000000c0000000,0x00000000e950de98,0x00000000e9580000)
 Metaspace       used 88707K, committed 90176K, reserved 1179648K
  class space    used 8879K, committed 9536K, reserved 1048576K
}
Event: 3179.273 GC heap after
{Heap after GC invocations=4617 (full 8):
 PSYoungGen      total 5120K, used 352K [0x00000000eab00000, 0x00000000eb100000, 0x0000000100000000)
  eden space 4608K, 0% used [0x00000000eab00000,0x00000000eab00000,0x00000000eaf80000)
  from space 512K, 68% used [0x00000000eb000000,0x00000000eb058000,0x00000000eb080000)
  to   space 512K, 0% used [0x00000000eb080000,0x00000000eb080000,0x00000000eb100000)
 ParOldGen       total 677376K, used 677122K [0x00000000c0000000, 0x00000000e9580000, 0x00000000eab00000)
  object space 677376K, 99% used [0x00000000c0000000,0x00000000e9540ae8,0x00000000e9580000)
 Metaspace       used 88707K, committed 90176K, reserved 1179648K
  class space    used 8879K, committed 9536K, reserved 1048576K
}
Event: 3179.291 GC heap before
{Heap before GC invocations=4618 (full 8):
 PSYoungGen      total 5120K, used 4732K [0x00000000eab00000, 0x00000000eb100000, 0x0000000100000000)
  eden space 4608K, 95% used [0x00000000eab00000,0x00000000eaf472c8,0x00000000eaf80000)
  from space 512K, 68% used [0x00000000eb000000,0x00000000eb058000,0x00000000eb080000)
  to   space 512K, 0% used [0x00000000eb080000,0x00000000eb080000,0x00000000eb100000)
 ParOldGen       total 677376K, used 677122K [0x00000000c0000000, 0x00000000e9580000, 0x00000000eab00000)
  object space 677376K, 99% used [0x00000000c0000000,0x00000000e9540ae8,0x00000000e9580000)
 Metaspace       used 88707K, committed 90176K, reserved 1179648K
  class space    used 8879K, committed 9536K, reserved 1048576K
}
Event: 3179.294 GC heap after
{Heap after GC invocations=4618 (full 8):
 PSYoungGen      total 5120K, used 512K [0x00000000eab00000, 0x00000000eb180000, 0x0000000100000000)
  eden space 4608K, 0% used [0x00000000eab00000,0x00000000eab00000,0x00000000eaf80000)
  from space 512K, 100% used [0x00000000eb080000,0x00000000eb100000,0x00000000eb100000)
  to   space 1024K, 0% used [0x00000000eaf80000,0x00000000eaf80000,0x00000000eb080000)
 ParOldGen       total 677888K, used 677450K [0x00000000c0000000, 0x00000000e9600000, 0x00000000eab00000)
  object space 677888K, 99% used [0x00000000c0000000,0x00000000e9592ae8,0x00000000e9600000)
 Metaspace       used 88707K, committed 90176K, reserved 1179648K
  class space    used 8879K, committed 9536K, reserved 1048576K
}
Event: 3179.308 GC heap before
{Heap before GC invocations=4619 (full 8):
 PSYoungGen      total 5120K, used 5104K [0x00000000eab00000, 0x00000000eb180000, 0x0000000100000000)
  eden space 4608K, 99% used [0x00000000eab00000,0x00000000eaf7c058,0x00000000eaf80000)
  from space 512K, 100% used [0x00000000eb080000,0x00000000eb100000,0x00000000eb100000)
  to   space 1024K, 0% used [0x00000000eaf80000,0x00000000eaf80000,0x00000000eb080000)
 ParOldGen       total 677888K, used 677450K [0x00000000c0000000, 0x00000000e9600000, 0x00000000eab00000)
  object space 677888K, 99% used [0x00000000c0000000,0x00000000e9592ae8,0x00000000e9600000)
 Metaspace       used 88707K, committed 90176K, reserved 1179648K
  class space    used 8879K, committed 9536K, reserved 1048576K
}
Event: 3179.311 GC heap after
{Heap after GC invocations=4619 (full 8):
 PSYoungGen      total 5632K, used 672K [0x00000000eab00000, 0x00000000eb180000, 0x0000000100000000)
  eden space 4608K, 0% used [0x00000000eab00000,0x00000000eab00000,0x00000000eaf80000)
  from space 1024K, 65% used [0x00000000eaf80000,0x00000000eb028000,0x00000000eb080000)
  to   space 1024K, 0% used [0x00000000eb080000,0x00000000eb080000,0x00000000eb180000)
 ParOldGen       total 678400K, used 677935K [0x00000000c0000000, 0x00000000e9680000, 0x00000000eab00000)
  object space 678400K, 99% used [0x00000000c0000000,0x00000000e960bf68,0x00000000e9680000)
 Metaspace       used 88707K, committed 90176K, reserved 1179648K
  class space    used 8879K, committed 9536K, reserved 1048576K
}
Event: 3179.323 GC heap before
{Heap before GC invocations=4620 (full 8):
 PSYoungGen      total 5632K, used 5148K [0x00000000eab00000, 0x00000000eb180000, 0x0000000100000000)
  eden space 4608K, 97% used [0x00000000eab00000,0x00000000eaf5f028,0x00000000eaf80000)
  from space 1024K, 65% used [0x00000000eaf80000,0x00000000eb028000,0x00000000eb080000)
  to   space 1024K, 0% used [0x00000000eb080000,0x00000000eb080000,0x00000000eb180000)
 ParOldGen       total 678400K, used 677935K [0x00000000c0000000, 0x00000000e9680000, 0x00000000eab00000)
  object space 678400K, 99% used [0x00000000c0000000,0x00000000e960bf68,0x00000000e9680000)
 Metaspace       used 88707K, committed 90176K, reserved 1179648K
  class space    used 8879K, committed 9536K, reserved 1048576K
}
Event: 3179.328 GC heap after
{Heap after GC invocations=4620 (full 8):
 PSYoungGen      total 6144K, used 192K [0x00000000eab00000, 0x00000000eb180000, 0x0000000100000000)
  eden space 5120K, 0% used [0x00000000eab00000,0x00000000eab00000,0x00000000eb000000)
  from space 1024K, 18% used [0x00000000eb080000,0x00000000eb0b0000,0x00000000eb180000)
  to   space 512K, 0% used [0x00000000eb000000,0x00000000eb000000,0x00000000eb080000)
 ParOldGen       total 682496K, used 681613K [0x00000000c0000000, 0x00000000e9a80000, 0x00000000eab00000)
  object space 682496K, 99% used [0x00000000c0000000,0x00000000e99a3648,0x00000000e9a80000)
 Metaspace       used 88707K, committed 90176K, reserved 1179648K
  class space    used 8879K, committed 9536K, reserved 1048576K
}
Event: 3179.351 GC heap before
{Heap before GC invocations=4621 (full 8):
 PSYoungGen      total 6144K, used 5145K [0x00000000eab00000, 0x00000000eb180000, 0x0000000100000000)
  eden space 5120K, 96% used [0x00000000eab00000,0x00000000eafd6780,0x00000000eb000000)
  from space 1024K, 18% used [0x00000000eb080000,0x00000000eb0b0000,0x00000000eb180000)
  to   space 512K, 0% used [0x00000000eb000000,0x00000000eb000000,0x00000000eb080000)
 ParOldGen       total 682496K, used 681613K [0x00000000c0000000, 0x00000000e9a80000, 0x00000000eab00000)
  object space 682496K, 99% used [0x00000000c0000000,0x00000000e99a3648,0x00000000e9a80000)
 Metaspace       used 88707K, committed 90176K, reserved 1179648K
  class space    used 8879K, committed 9536K, reserved 1048576K
}
Event: 3179.358 GC heap after
{Heap after GC invocations=4621 (full 8):
 PSYoungGen      total 5632K, used 512K [0x00000000eab00000, 0x00000000eb800000, 0x0000000100000000)
  eden space 5120K, 0% used [0x00000000eab00000,0x00000000eab00000,0x00000000eb000000)
  from space 512K, 100% used [0x00000000eb000000,0x00000000eb080000,0x00000000eb080000)
  to   space 3584K, 0% used [0x00000000eb480000,0x00000000eb480000,0x00000000eb800000)
 ParOldGen       total 684544K, used 683797K [0x00000000c0000000, 0x00000000e9c80000, 0x00000000eab00000)
  object space 684544K, 99% used [0x00000000c0000000,0x00000000e9bc5448,0x00000000e9c80000)
 Metaspace       used 88707K, committed 90176K, reserved 1179648K
  class space    used 8879K, committed 9536K, reserved 1048576K
}
Event: 3179.375 GC heap before
{Heap before GC invocations=4622 (full 8):
 PSYoungGen      total 5632K, used 5632K [0x00000000eab00000, 0x00000000eb800000, 0x0000000100000000)
  eden space 5120K, 100% used [0x00000000eab00000,0x00000000eb000000,0x00000000eb000000)
  from space 512K, 100% used [0x00000000eb000000,0x00000000eb080000,0x00000000eb080000)
  to   space 3584K, 0% used [0x00000000eb480000,0x00000000eb480000,0x00000000eb800000)
 ParOldGen       total 684544K, used 683797K [0x00000000c0000000, 0x00000000e9c80000, 0x00000000eab00000)
  object space 684544K, 99% used [0x00000000c0000000,0x00000000e9bc5448,0x00000000e9c80000)
 Metaspace       used 88707K, committed 90176K, reserved 1179648K
  class space    used 8879K, committed 9536K, reserved 1048576K
}
Event: 3179.378 GC heap after
{Heap after GC invocations=4622 (full 8):
 PSYoungGen      total 6656K, used 160K [0x00000000eab00000, 0x00000000eb500000, 0x0000000100000000)
  eden space 6144K, 0% used [0x00000000eab00000,0x00000000eab00000,0x00000000eb100000)
  from space 512K, 31% used [0x00000000eb480000,0x00000000eb4a8000,0x00000000eb500000)
  to   space 1536K, 0% used [0x00000000eb200000,0x00000000eb200000,0x00000000eb380000)
 ParOldGen       total 684544K, used 684237K [0x00000000c0000000, 0x00000000e9c80000, 0x00000000eab00000)
  object space 684544K, 99% used [0x00000000c0000000,0x00000000e9c33448,0x00000000e9c80000)
 Metaspace       used 88707K, committed 90176K, reserved 1179648K
  class space    used 8879K, committed 9536K, reserved 1048576K
}
Event: 3179.396 GC heap before
{Heap before GC invocations=4623 (full 8):
 PSYoungGen      total 6656K, used 6304K [0x00000000eab00000, 0x00000000eb500000, 0x0000000100000000)
  eden space 6144K, 100% used [0x00000000eab00000,0x00000000eb100000,0x00000000eb100000)
  from space 512K, 31% used [0x00000000eb480000,0x00000000eb4a8000,0x00000000eb500000)
  to   space 1536K, 0% used [0x00000000eb200000,0x00000000eb200000,0x00000000eb380000)
 ParOldGen       total 684544K, used 684237K [0x00000000c0000000, 0x00000000e9c80000, 0x00000000eab00000)
  object space 684544K, 99% used [0x00000000c0000000,0x00000000e9c33448,0x00000000e9c80000)
 Metaspace       used 88707K, committed 90176K, reserved 1179648K
  class space    used 8879K, committed 9536K, reserved 1048576K
}
Event: 3179.399 GC heap after
{Heap after GC invocations=4623 (full 8):
 PSYoungGen      total 7680K, used 352K [0x00000000eab00000, 0x00000000eb500000, 0x0000000100000000)
  eden space 6144K, 0% used [0x00000000eab00000,0x00000000eab00000,0x00000000eb100000)
  from space 1536K, 22% used [0x00000000eb200000,0x00000000eb258000,0x00000000eb380000)
  to   space 512K, 0% used [0x00000000eb480000,0x00000000eb480000,0x00000000eb500000)
 ParOldGen       total 684544K, used 684292K [0x00000000c0000000, 0x00000000e9c80000, 0x00000000eab00000)
  object space 684544K, 99% used [0x00000000c0000000,0x00000000e9c41298,0x00000000e9c80000)
 Metaspace       used 88707K, committed 90176K, reserved 1179648K
  class space    used 8879K, committed 9536K, reserved 1048576K
}
Event: 3181.720 GC heap before
{Heap before GC invocations=4624 (full 8):
 PSYoungGen      total 7680K, used 6496K [0x00000000eab00000, 0x00000000eb500000, 0x0000000100000000)
  eden space 6144K, 100% used [0x00000000eab00000,0x00000000eb100000,0x00000000eb100000)
  from space 1536K, 22% used [0x00000000eb200000,0x00000000eb258000,0x00000000eb380000)
  to   space 512K, 0% used [0x00000000eb480000,0x00000000eb480000,0x00000000eb500000)
 ParOldGen       total 684544K, used 684292K [0x00000000c0000000, 0x00000000e9c80000, 0x00000000eab00000)
  object space 684544K, 99% used [0x00000000c0000000,0x00000000e9c41298,0x00000000e9c80000)
 Metaspace       used 88716K, committed 90176K, reserved 1179648K
  class space    used 8879K, committed 9536K, reserved 1048576K
}
Event: 3181.725 GC heap after
{Heap after GC invocations=4624 (full 8):
 PSYoungGen      total 6656K, used 192K [0x00000000eab00000, 0x00000000eb500000, 0x0000000100000000)
  eden space 6144K, 0% used [0x00000000eab00000,0x00000000eab00000,0x00000000eb100000)
  from space 512K, 37% used [0x00000000eb480000,0x00000000eb4b0000,0x00000000eb500000)
  to   space 512K, 0% used [0x00000000eb400000,0x00000000eb400000,0x00000000eb480000)
 ParOldGen       total 684544K, used 684316K [0x00000000c0000000, 0x00000000e9c80000, 0x00000000eab00000)
  object space 684544K, 99% used [0x00000000c0000000,0x00000000e9c47298,0x00000000e9c80000)
 Metaspace       used 88716K, committed 90176K, reserved 1179648K
  class space    used 8879K, committed 9536K, reserved 1048576K
}
Event: 3182.348 GC heap before
{Heap before GC invocations=4625 (full 8):
 PSYoungGen      total 6656K, used 6336K [0x00000000eab00000, 0x00000000eb500000, 0x0000000100000000)
  eden space 6144K, 100% used [0x00000000eab00000,0x00000000eb100000,0x00000000eb100000)
  from space 512K, 37% used [0x00000000eb480000,0x00000000eb4b0000,0x00000000eb500000)
  to   space 512K, 0% used [0x00000000eb400000,0x00000000eb400000,0x00000000eb480000)
 ParOldGen       total 684544K, used 684316K [0x00000000c0000000, 0x00000000e9c80000, 0x00000000eab00000)
  object space 684544K, 99% used [0x00000000c0000000,0x00000000e9c47298,0x00000000e9c80000)
 Metaspace       used 88731K, committed 90176K, reserved 1179648K
  class space    used 8879K, committed 9536K, reserved 1048576K
}
Event: 3182.356 GC heap after
{Heap after GC invocations=4625 (full 8):
 PSYoungGen      total 6656K, used 128K [0x00000000eab00000, 0x00000000eb500000, 0x0000000100000000)
  eden space 6144K, 0% used [0x00000000eab00000,0x00000000eab00000,0x00000000eb100000)
  from space 512K, 25% used [0x00000000eb400000,0x00000000eb420000,0x00000000eb480000)
  to   space 512K, 0% used [0x00000000eb480000,0x00000000eb480000,0x00000000eb500000)
 ParOldGen       total 684544K, used 684340K [0x00000000c0000000, 0x00000000e9c80000, 0x00000000eab00000)
  object space 684544K, 99% used [0x00000000c0000000,0x00000000e9c4d298,0x00000000e9c80000)
 Metaspace       used 88731K, committed 90176K, reserved 1179648K
  class space    used 8879K, committed 9536K, reserved 1048576K
}

